# JRE version: Java(TM) SE Runtime Environment (23.0.2+7) (build 23.0.2+7-58)
# Java VM: Java HotSpot(TM) 64-Bit Server VM (23.0.2+7-58, mixed mode, sharing, tiered, compressed oops, compressed class ptrs, g1 gc, windows-amd64)
GC Precious Log:
 CardTable entry size: 512
 Card Set container configuration: InlinePtr #cards 5 size 8 Array Of Cards #cards 10 size 36 Howl #buckets 4 coarsen threshold 1843 Howl Bitmap #cards 512 size 80 coarsen threshold 460 Card regions per heap region 1 cards per card region 2048
 CPUs: 12 total, 12 available
 Memory: 7501M
 Large Page Support: Disabled
 NUMA Support: Disabled
 Compressed Oops: Enabled (32-bit)
 Heap Region Size: 1M
 Heap Min Capacity: 8M
 Heap Initial Capacity: 118M
 Heap Max Capacity: 1876M
 Pre-touch: Disabled
 Parallel Workers: 10
 Concurrent Workers: 3
 Concurrent Refinement Workers: 10
 Periodic GC: Disabled
Heap:
 garbage-first heap   total reserved 1921024K, committed 63488K, used 46743K [0x000000008ac00000, 0x0000000100000000)
  region size 1024K, 19 young (19456K), 2 survivors (2048K)
 Metaspace       used 49248K, committed 49536K, reserved 1114112K
  class space    used 5625K, committed 5760K, reserved 1048576K
GC Heap History (20 events):
Event: 38.660 GC heap before
{Heap before GC invocations=10 (full 0):
 garbage-first heap   total reserved 1921024K, committed 59392K, used 49459K [0x000000008ac00000, 0x0000000100000000)
  region size 1024K, 24 young (24576K), 2 survivors (2048K)
 Metaspace       used 46375K, committed 46656K, reserved 1114112K
  class space    used 5324K, committed 5440K, reserved 1048576K
}
Event: 38.663 GC heap after
{Heap after GC invocations=11 (full 0):
 garbage-first heap   total reserved 1921024K, committed 59392K, used 26694K [0x000000008ac00000, 0x0000000100000000)
  region size 1024K, 2 young (2048K), 2 survivors (2048K)
 Metaspace       used 46375K, committed 46656K, reserved 1114112K
  class space    used 5324K, committed 5440K, reserved 1048576K
}
Event: 41.263 GC heap before
{Heap before GC invocations=11 (full 0):
 garbage-first heap   total reserved 1921024K, committed 59392K, used 49222K [0x000000008ac00000, 0x0000000100000000)
  region size 1024K, 25 young (25600K), 2 survivors (2048K)
 Metaspace       used 48750K, committed 49024K, reserved 1114112K
  class space    used 5615K, committed 5760K, reserved 1048576K
}
Event: 41.270 GC heap after
{Heap after GC invocations=12 (full 0):
 garbage-first heap   total reserved 1921024K, committed 59392K, used 29498K [0x000000008ac00000, 0x0000000100000000)
  region size 1024K, 4 young (4096K), 4 survivors (4096K)
 Metaspace       used 48750K, committed 49024K, reserved 1114112K
  class space    used 5615K, committed 5760K, reserved 1048576K
}
Event: 43.768 GC heap before
{Heap before GC invocations=12 (full 0):
 garbage-first heap   total reserved 1921024K, committed 59392K, used 31546K [0x000000008ac00000, 0x0000000100000000)
  region size 1024K, 7 young (7168K), 4 survivors (4096K)
 Metaspace       used 48849K, committed 49152K, reserved 1114112K
  class space    used 5615K, committed 5760K, reserved 1048576K
}
Event: 43.773 GC heap after
{Heap after GC invocations=13 (full 0):
 garbage-first heap   total reserved 1921024K, committed 59392K, used 29449K [0x000000008ac00000, 0x0000000100000000)
  region size 1024K, 1 young (1024K), 1 survivors (1024K)
 Metaspace       used 48849K, committed 49152K, reserved 1114112K
  class space    used 5615K, committed 5760K, reserved 1048576K
}
Event: 43.937 GC heap before
{Heap before GC invocations=14 (full 0):
 garbage-first heap   total reserved 1921024K, committed 61440K, used 54025K [0x000000008ac00000, 0x0000000100000000)
  region size 1024K, 20 young (20480K), 1 survivors (1024K)
 Metaspace       used 48859K, committed 49152K, reserved 1114112K
  class space    used 5614K, committed 5760K, reserved 1048576K
}
Event: 43.939 GC heap after
{Heap after GC invocations=15 (full 0):
 garbage-first heap   total reserved 1921024K, committed 61440K, used 31350K [0x000000008ac00000, 0x0000000100000000)
  region size 1024K, 1 young (1024K), 1 survivors (1024K)
 Metaspace       used 48859K, committed 49152K, reserved 1114112K
  class space    used 5614K, committed 5760K, reserved 1048576K
}
Event: 45.432 GC heap before
{Heap before GC invocations=15 (full 0):
 garbage-first heap   total reserved 1921024K, committed 61440K, used 50806K [0x000000008ac00000, 0x0000000100000000)
  region size 1024K, 21 young (21504K), 1 survivors (1024K)
 Metaspace       used 48966K, committed 49280K, reserved 1114112K
  class space    used 5614K, committed 5760K, reserved 1048576K
}
Event: 45.435 GC heap after
{Heap after GC invocations=16 (full 0):
 garbage-first heap   total reserved 1921024K, committed 61440K, used 31695K [0x000000008ac00000, 0x0000000100000000)
  region size 1024K, 2 young (2048K), 2 survivors (2048K)
 Metaspace       used 48966K, committed 49280K, reserved 1114112K
  class space    used 5614K, committed 5760K, reserved 1048576K
}
Event: 47.398 GC heap before
{Heap before GC invocations=16 (full 0):
 garbage-first heap   total reserved 1921024K, committed 61440K, used 33743K [0x000000008ac00000, 0x0000000100000000)
  region size 1024K, 5 young (5120K), 2 survivors (2048K)
 Metaspace       used 49007K, committed 49280K, reserved 1114112K
  class space    used 5614K, committed 5760K, reserved 1048576K
}
Event: 47.400 GC heap after
{Heap after GC invocations=17 (full 0):
 garbage-first heap   total reserved 1921024K, committed 61440K, used 31186K [0x000000008ac00000, 0x0000000100000000)
  region size 1024K, 1 young (1024K), 1 survivors (1024K)
 Metaspace       used 49007K, committed 49280K, reserved 1114112K
  class space    used 5614K, committed 5760K, reserved 1048576K
}
Event: 47.487 GC heap before
{Heap before GC invocations=18 (full 0):
 garbage-first heap   total reserved 1921024K, committed 61440K, used 53714K [0x000000008ac00000, 0x0000000100000000)
  region size 1024K, 21 young (21504K), 1 survivors (1024K)
 Metaspace       used 49013K, committed 49280K, reserved 1114112K
  class space    used 5614K, committed 5760K, reserved 1048576K
}
Event: 47.489 GC heap after
{Heap after GC invocations=19 (full 0):
 garbage-first heap   total reserved 1921024K, committed 61440K, used 29180K [0x000000008ac00000, 0x0000000100000000)
  region size 1024K, 1 young (1024K), 1 survivors (1024K)
 Metaspace       used 49013K, committed 49280K, reserved 1114112K
  class space    used 5614K, committed 5760K, reserved 1048576K
}
Event: 51.817 GC heap before
{Heap before GC invocations=19 (full 0):
 garbage-first heap   total reserved 1921024K, committed 61440K, used 51708K [0x000000008ac00000, 0x0000000100000000)
  region size 1024K, 24 young (24576K), 1 survivors (1024K)
 Metaspace       used 49098K, committed 49408K, reserved 1114112K
  class space    used 5615K, committed 5760K, reserved 1048576K
}
Event: 51.822 GC heap after
{Heap after GC invocations=20 (full 0):
 garbage-first heap   total reserved 1921024K, committed 61440K, used 28758K [0x000000008ac00000, 0x0000000100000000)
  region size 1024K, 1 young (1024K), 1 survivors (1024K)
 Metaspace       used 49098K, committed 49408K, reserved 1114112K
  class space    used 5615K, committed 5760K, reserved 1048576K
}
Event: 55.879 GC heap before
{Heap before GC invocations=20 (full 0):
 garbage-first heap   total reserved 1921024K, committed 61440K, used 35926K [0x000000008ac00000, 0x0000000100000000)
  region size 1024K, 10 young (10240K), 1 survivors (1024K)
 Metaspace       used 49150K, committed 49472K, reserved 1114112K
  class space    used 5615K, committed 5760K, reserved 1048576K
}
Event: 55.883 GC heap after
{Heap after GC invocations=21 (full 0):
 garbage-first heap   total reserved 1921024K, committed 61440K, used 29221K [0x000000008ac00000, 0x0000000100000000)
  region size 1024K, 1 young (1024K), 1 survivors (1024K)
 Metaspace       used 49150K, committed 49472K, reserved 1114112K
  class space    used 5615K, committed 5760K, reserved 1048576K
}
Event: 56.034 GC heap before
{Heap before GC invocations=22 (full 0):
 garbage-first heap   total reserved 1921024K, committed 61440K, used 59941K [0x000000008ac00000, 0x0000000100000000)
  region size 1024K, 26 young (26624K), 1 survivors (1024K)
 Metaspace       used 49157K, committed 49472K, reserved 1114112K
  class space    used 5615K, committed 5760K, reserved 1048576K
}
Event: 56.037 GC heap after
{Heap after GC invocations=23 (full 0):
 garbage-first heap   total reserved 1921024K, committed 63488K, used 31383K [0x000000008ac00000, 0x0000000100000000)
  region size 1024K, 2 young (2048K), 2 survivors (2048K)
 Metaspace       used 49157K, committed 49472K, reserved 1114112K
  class space    used 5615K, committed 5760K, reserved 1048576K
}

