# JRE version: Java(TM) SE Runtime Environment (23.0.2+7) (build 23.0.2+7-58)
# Java VM: Java HotSpot(TM) 64-Bit Server VM (23.0.2+7-58, mixed mode, sharing, tiered, compressed oops, compressed class ptrs, g1 gc, windows-amd64)
GC Precious Log:
 CardTable entry size: 512
 Card Set container configuration: InlinePtr #cards 5 size 8 Array Of Cards #cards 10 size 36 Howl #buckets 4 coarsen threshold 1843 Howl Bitmap #cards 512 size 80 coarsen threshold 460 Card regions per heap region 1 cards per card region 2048
 CPUs: 12 total, 12 available
 Memory: 7501M
 Large Page Support: Disabled
 NUMA Support: Disabled
 Compressed Oops: Enabled (32-bit)
 Heap Region Size: 1M
 Heap Min Capacity: 8M
 Heap Initial Capacity: 118M
 Heap Max Capacity: 1876M
 Pre-touch: Disabled
 Parallel Workers: 10
 Concurrent Workers: 3
 Concurrent Refinement Workers: 10
 Periodic GC: Disabled
Heap:
 garbage-first heap   total reserved 1921024K, committed 68608K, used 59816K [0x000000008ac00000, 0x0000000100000000)
  region size 1024K, 34 young (34816K), 2 survivors (2048K)
 Metaspace       used 49985K, committed 50304K, reserved 1114112K
  class space    used 5625K, committed 5760K, reserved 1048576K
GC Heap History (20 events):
Event: 54.845 GC heap before
{Heap before GC invocations=29 (full 0):
 garbage-first heap   total reserved 1921024K, committed 68608K, used 59639K [0x000000008ac00000, 0x0000000100000000)
  region size 1024K, 34 young (34816K), 2 survivors (2048K)
 Metaspace       used 49697K, committed 49984K, reserved 1114112K
  class space    used 5618K, committed 5760K, reserved 1048576K
}
Event: 54.847 GC heap after
{Heap after GC invocations=30 (full 0):
 garbage-first heap   total reserved 1921024K, committed 68608K, used 27902K [0x000000008ac00000, 0x0000000100000000)
  region size 1024K, 2 young (2048K), 2 survivors (2048K)
 Metaspace       used 49697K, committed 49984K, reserved 1114112K
  class space    used 5618K, committed 5760K, reserved 1048576K
}
Event: 55.511 GC heap before
{Heap before GC invocations=30 (full 0):
 garbage-first heap   total reserved 1921024K, committed 68608K, used 59646K [0x000000008ac00000, 0x0000000100000000)
  region size 1024K, 34 young (34816K), 2 survivors (2048K)
 Metaspace       used 49739K, committed 50048K, reserved 1114112K
  class space    used 5618K, committed 5760K, reserved 1048576K
}
Event: 55.512 GC heap after
{Heap after GC invocations=31 (full 0):
 garbage-first heap   total reserved 1921024K, committed 68608K, used 27940K [0x000000008ac00000, 0x0000000100000000)
  region size 1024K, 2 young (2048K), 2 survivors (2048K)
 Metaspace       used 49739K, committed 50048K, reserved 1114112K
  class space    used 5618K, committed 5760K, reserved 1048576K
}
Event: 56.317 GC heap before
{Heap before GC invocations=31 (full 0):
 garbage-first heap   total reserved 1921024K, committed 68608K, used 59684K [0x000000008ac00000, 0x0000000100000000)
  region size 1024K, 34 young (34816K), 2 survivors (2048K)
 Metaspace       used 49769K, committed 50048K, reserved 1114112K
  class space    used 5618K, committed 5760K, reserved 1048576K
}
Event: 56.319 GC heap after
{Heap after GC invocations=32 (full 0):
 garbage-first heap   total reserved 1921024K, committed 68608K, used 28020K [0x000000008ac00000, 0x0000000100000000)
  region size 1024K, 2 young (2048K), 2 survivors (2048K)
 Metaspace       used 49769K, committed 50048K, reserved 1114112K
  class space    used 5618K, committed 5760K, reserved 1048576K
}
Event: 57.122 GC heap before
{Heap before GC invocations=32 (full 0):
 garbage-first heap   total reserved 1921024K, committed 68608K, used 59764K [0x000000008ac00000, 0x0000000100000000)
  region size 1024K, 34 young (34816K), 2 survivors (2048K)
 Metaspace       used 49793K, committed 50048K, reserved 1114112K
  class space    used 5618K, committed 5760K, reserved 1048576K
}
Event: 57.123 GC heap after
{Heap after GC invocations=33 (full 0):
 garbage-first heap   total reserved 1921024K, committed 68608K, used 28089K [0x000000008ac00000, 0x0000000100000000)
  region size 1024K, 2 young (2048K), 2 survivors (2048K)
 Metaspace       used 49793K, committed 50048K, reserved 1114112K
  class space    used 5618K, committed 5760K, reserved 1048576K
}
Event: 57.901 GC heap before
{Heap before GC invocations=33 (full 0):
 garbage-first heap   total reserved 1921024K, committed 68608K, used 59833K [0x000000008ac00000, 0x0000000100000000)
  region size 1024K, 34 young (34816K), 2 survivors (2048K)
 Metaspace       used 49843K, committed 50176K, reserved 1114112K
  class space    used 5618K, committed 5760K, reserved 1048576K
}
Event: 57.902 GC heap after
{Heap after GC invocations=34 (full 0):
 garbage-first heap   total reserved 1921024K, committed 68608K, used 28156K [0x000000008ac00000, 0x0000000100000000)
  region size 1024K, 2 young (2048K), 2 survivors (2048K)
 Metaspace       used 49843K, committed 50176K, reserved 1114112K
  class space    used 5618K, committed 5760K, reserved 1048576K
}
Event: 58.659 GC heap before
{Heap before GC invocations=34 (full 0):
 garbage-first heap   total reserved 1921024K, committed 68608K, used 59900K [0x000000008ac00000, 0x0000000100000000)
  region size 1024K, 34 young (34816K), 2 survivors (2048K)
 Metaspace       used 49856K, committed 50176K, reserved 1114112K
  class space    used 5618K, committed 5760K, reserved 1048576K
}
Event: 58.661 GC heap after
{Heap after GC invocations=35 (full 0):
 garbage-first heap   total reserved 1921024K, committed 68608K, used 28161K [0x000000008ac00000, 0x0000000100000000)
  region size 1024K, 2 young (2048K), 2 survivors (2048K)
 Metaspace       used 49856K, committed 50176K, reserved 1114112K
  class space    used 5618K, committed 5760K, reserved 1048576K
}
Event: 59.547 GC heap before
{Heap before GC invocations=35 (full 0):
 garbage-first heap   total reserved 1921024K, committed 68608K, used 59905K [0x000000008ac00000, 0x0000000100000000)
  region size 1024K, 34 young (34816K), 2 survivors (2048K)
 Metaspace       used 49872K, committed 50176K, reserved 1114112K
  class space    used 5618K, committed 5760K, reserved 1048576K
}
Event: 59.548 GC heap after
{Heap after GC invocations=36 (full 0):
 garbage-first heap   total reserved 1921024K, committed 68608K, used 28260K [0x000000008ac00000, 0x0000000100000000)
  region size 1024K, 2 young (2048K), 2 survivors (2048K)
 Metaspace       used 49872K, committed 50176K, reserved 1114112K
  class space    used 5618K, committed 5760K, reserved 1048576K
}
Event: 60.404 GC heap before
{Heap before GC invocations=36 (full 0):
 garbage-first heap   total reserved 1921024K, committed 68608K, used 60004K [0x000000008ac00000, 0x0000000100000000)
  region size 1024K, 34 young (34816K), 2 survivors (2048K)
 Metaspace       used 49887K, committed 50240K, reserved 1114112K
  class space    used 5618K, committed 5760K, reserved 1048576K
}
Event: 60.405 GC heap after
{Heap after GC invocations=37 (full 0):
 garbage-first heap   total reserved 1921024K, committed 68608K, used 28255K [0x000000008ac00000, 0x0000000100000000)
  region size 1024K, 2 young (2048K), 2 survivors (2048K)
 Metaspace       used 49887K, committed 50240K, reserved 1114112K
  class space    used 5618K, committed 5760K, reserved 1048576K
}
Event: 61.326 GC heap before
{Heap before GC invocations=37 (full 0):
 garbage-first heap   total reserved 1921024K, committed 68608K, used 59999K [0x000000008ac00000, 0x0000000100000000)
  region size 1024K, 34 young (34816K), 2 survivors (2048K)
 Metaspace       used 49921K, committed 50240K, reserved 1114112K
  class space    used 5618K, committed 5760K, reserved 1048576K
}
Event: 61.329 GC heap after
{Heap after GC invocations=38 (full 0):
 garbage-first heap   total reserved 1921024K, committed 68608K, used 28391K [0x000000008ac00000, 0x0000000100000000)
  region size 1024K, 2 young (2048K), 2 survivors (2048K)
 Metaspace       used 49921K, committed 50240K, reserved 1114112K
  class space    used 5618K, committed 5760K, reserved 1048576K
}
Event: 62.006 GC heap before
{Heap before GC invocations=38 (full 0):
 garbage-first heap   total reserved 1921024K, committed 68608K, used 60135K [0x000000008ac00000, 0x0000000100000000)
  region size 1024K, 34 young (34816K), 2 survivors (2048K)
 Metaspace       used 49953K, committed 50240K, reserved 1114112K
  class space    used 5622K, committed 5760K, reserved 1048576K
}
Event: 62.008 GC heap after
{Heap after GC invocations=39 (full 0):
 garbage-first heap   total reserved 1921024K, committed 68608K, used 29096K [0x000000008ac00000, 0x0000000100000000)
  region size 1024K, 2 young (2048K), 2 survivors (2048K)
 Metaspace       used 49953K, committed 50240K, reserved 1114112K
  class space    used 5622K, committed 5760K, reserved 1048576K
}

